{"/mnt/c/Users/79645/Desktop/hexlet-git/qa-auto-engineer-javascript-project-87/src/gen_diff.js": {"path":"/mnt/c/Users/79645/Desktop/hexlet-git/qa-auto-engineer-javascript-project-87/src/gen_diff.js","statementMap":{"0":{"start":{"line":3,"column":16},"end":{"line":21,"column":1}},"1":{"start":{"line":4,"column":15},"end":{"line":4,"column":82}},"2":{"start":{"line":6,"column":2},"end":{"line":20,"column":5}},"3":{"start":{"line":7,"column":4},"end":{"line":9,"column":5}},"4":{"start":{"line":8,"column":6},"end":{"line":8,"column":82}},"5":{"start":{"line":10,"column":4},"end":{"line":12,"column":5}},"6":{"start":{"line":11,"column":6},"end":{"line":11,"column":57}},"7":{"start":{"line":13,"column":4},"end":{"line":15,"column":5}},"8":{"start":{"line":14,"column":6},"end":{"line":14,"column":59}},"9":{"start":{"line":16,"column":4},"end":{"line":18,"column":5}},"10":{"start":{"line":17,"column":6},"end":{"line":17,"column":61}},"11":{"start":{"line":19,"column":4},"end":{"line":19,"column":78}}},"fnMap":{"0":{"name":"(anonymous_0)","decl":{"start":{"line":3,"column":16},"end":{"line":3,"column":17}},"loc":{"start":{"line":3,"column":34},"end":{"line":21,"column":1}},"line":3},"1":{"name":"(anonymous_1)","decl":{"start":{"line":6,"column":18},"end":{"line":6,"column":19}},"loc":{"start":{"line":6,"column":27},"end":{"line":20,"column":3}},"line":6}},"branchMap":{"0":{"loc":{"start":{"line":7,"column":4},"end":{"line":9,"column":5}},"type":"if","locations":[{"start":{"line":7,"column":4},"end":{"line":9,"column":5}},{"start":{},"end":{}}],"line":7},"1":{"loc":{"start":{"line":7,"column":8},"end":{"line":7,"column":100}},"type":"binary-expr","locations":[{"start":{"line":7,"column":8},"end":{"line":7,"column":18}},{"start":{"line":7,"column":22},"end":{"line":7,"column":32}},{"start":{"line":7,"column":36},"end":{"line":7,"column":66}},{"start":{"line":7,"column":70},"end":{"line":7,"column":100}}],"line":7},"2":{"loc":{"start":{"line":10,"column":4},"end":{"line":12,"column":5}},"type":"if","locations":[{"start":{"line":10,"column":4},"end":{"line":12,"column":5}},{"start":{},"end":{}}],"line":10},"3":{"loc":{"start":{"line":13,"column":4},"end":{"line":15,"column":5}},"type":"if","locations":[{"start":{"line":13,"column":4},"end":{"line":15,"column":5}},{"start":{},"end":{}}],"line":13},"4":{"loc":{"start":{"line":16,"column":4},"end":{"line":18,"column":5}},"type":"if","locations":[{"start":{"line":16,"column":4},"end":{"line":18,"column":5}},{"start":{},"end":{}}],"line":16}},"s":{"0":1,"1":8,"2":8,"3":40,"4":0,"5":40,"6":8,"7":32,"8":16,"9":16,"10":8,"11":8},"f":{"0":8,"1":40},"b":{"0":[0,40],"1":[40,24,16,0],"2":[8,32],"3":[16,16],"4":[8,8]},"inputSourceMap":null,"_coverageSchema":"1a1c01bbd47fc00a2c39e90264f33305004495a9","hash":"14414ab1d92282c8e86c0440985152bdaff50ec5"}
,"/mnt/c/Users/79645/Desktop/hexlet-git/qa-auto-engineer-javascript-project-87/src/index.js": {"path":"/mnt/c/Users/79645/Desktop/hexlet-git/qa-auto-engineer-javascript-project-87/src/index.js","statementMap":{"0":{"start":{"line":8,"column":23},"end":{"line":8,"column":76}},"1":{"start":{"line":8,"column":33},"end":{"line":8,"column":76}},"2":{"start":{"line":10,"column":21},"end":{"line":10,"column":52}},"3":{"start":{"line":10,"column":31},"end":{"line":10,"column":52}},"4":{"start":{"line":13,"column":23},"end":{"line":13,"column":48}},"5":{"start":{"line":14,"column":23},"end":{"line":14,"column":48}},"6":{"start":{"line":16,"column":22},"end":{"line":16,"column":69}},"7":{"start":{"line":17,"column":23},"end":{"line":17,"column":70}},"8":{"start":{"line":19,"column":2},"end":{"line":19,"column":63}}},"fnMap":{"0":{"name":"(anonymous_0)","decl":{"start":{"line":8,"column":23},"end":{"line":8,"column":24}},"loc":{"start":{"line":8,"column":33},"end":{"line":8,"column":76}},"line":8},"1":{"name":"(anonymous_1)","decl":{"start":{"line":10,"column":21},"end":{"line":10,"column":22}},"loc":{"start":{"line":10,"column":31},"end":{"line":10,"column":52}},"line":10},"2":{"name":"(anonymous_2)","decl":{"start":{"line":12,"column":15},"end":{"line":12,"column":16}},"loc":{"start":{"line":12,"column":61},"end":{"line":20,"column":1}},"line":12}},"branchMap":{"0":{"loc":{"start":{"line":12,"column":38},"end":{"line":12,"column":56}},"type":"default-arg","locations":[{"start":{"line":12,"column":47},"end":{"line":12,"column":56}}],"line":12}},"s":{"0":1,"1":16,"2":1,"3":16,"4":8,"5":8,"6":8,"7":8,"8":8},"f":{"0":16,"1":16,"2":8},"b":{"0":[0]},"inputSourceMap":null,"_coverageSchema":"1a1c01bbd47fc00a2c39e90264f33305004495a9","hash":"4cfce145c721d194f0b06a1889e9295ddcb147a5"}
,"/mnt/c/Users/79645/Desktop/hexlet-git/qa-auto-engineer-javascript-project-87/src/parsers.js": {"path":"/mnt/c/Users/79645/Desktop/hexlet-git/qa-auto-engineer-javascript-project-87/src/parsers.js","statementMap":{"0":{"start":{"line":3,"column":17},"end":{"line":14,"column":1}},"1":{"start":{"line":4,"column":2},"end":{"line":13,"column":3}},"2":{"start":{"line":6,"column":6},"end":{"line":6,"column":37}},"3":{"start":{"line":8,"column":6},"end":{"line":8,"column":36}},"4":{"start":{"line":10,"column":6},"end":{"line":10,"column":36}},"5":{"start":{"line":12,"column":6},"end":{"line":12,"column":52}}},"fnMap":{"0":{"name":"(anonymous_0)","decl":{"start":{"line":3,"column":17},"end":{"line":3,"column":18}},"loc":{"start":{"line":3,"column":42},"end":{"line":14,"column":1}},"line":3}},"branchMap":{"0":{"loc":{"start":{"line":4,"column":2},"end":{"line":13,"column":3}},"type":"switch","locations":[{"start":{"line":5,"column":4},"end":{"line":6,"column":37}},{"start":{"line":7,"column":4},"end":{"line":8,"column":36}},{"start":{"line":9,"column":4},"end":{"line":10,"column":36}},{"start":{"line":11,"column":4},"end":{"line":12,"column":52}}],"line":4}},"s":{"0":1,"1":16,"2":8,"3":0,"4":8,"5":0},"f":{"0":16},"b":{"0":[8,0,8,0]},"inputSourceMap":null,"_coverageSchema":"1a1c01bbd47fc00a2c39e90264f33305004495a9","hash":"63848b16e86d393324a576de2d8ba54afe26f008"}
,"/mnt/c/Users/79645/Desktop/hexlet-git/qa-auto-engineer-javascript-project-87/src/formatters/index.js": {"path":"/mnt/c/Users/79645/Desktop/hexlet-git/qa-auto-engineer-javascript-project-87/src/formatters/index.js","statementMap":{"0":{"start":{"line":5,"column":18},"end":{"line":16,"column":1}},"1":{"start":{"line":6,"column":2},"end":{"line":15,"column":3}},"2":{"start":{"line":8,"column":6},"end":{"line":8,"column":36}},"3":{"start":{"line":10,"column":6},"end":{"line":10,"column":34}},"4":{"start":{"line":12,"column":6},"end":{"line":12,"column":32}},"5":{"start":{"line":14,"column":6},"end":{"line":14,"column":52}}},"fnMap":{"0":{"name":"(anonymous_0)","decl":{"start":{"line":5,"column":18},"end":{"line":5,"column":19}},"loc":{"start":{"line":5,"column":36},"end":{"line":16,"column":1}},"line":5}},"branchMap":{"0":{"loc":{"start":{"line":6,"column":2},"end":{"line":15,"column":3}},"type":"switch","locations":[{"start":{"line":7,"column":4},"end":{"line":8,"column":36}},{"start":{"line":9,"column":4},"end":{"line":10,"column":34}},{"start":{"line":11,"column":4},"end":{"line":12,"column":32}},{"start":{"line":13,"column":4},"end":{"line":14,"column":52}}],"line":6}},"s":{"0":1,"1":8,"2":4,"3":2,"4":2,"5":0},"f":{"0":8},"b":{"0":[4,2,2,0]},"inputSourceMap":null,"_coverageSchema":"1a1c01bbd47fc00a2c39e90264f33305004495a9","hash":"c5be23d80997290f2519837d12e1765efb24e98e"}
,"/mnt/c/Users/79645/Desktop/hexlet-git/qa-auto-engineer-javascript-project-87/src/formatters/json.js": {"path":"/mnt/c/Users/79645/Desktop/hexlet-git/qa-auto-engineer-javascript-project-87/src/formatters/json.js","statementMap":{"0":{"start":{"line":1,"column":21},"end":{"line":1,"column":51}},"1":{"start":{"line":1,"column":31},"end":{"line":1,"column":51}}},"fnMap":{"0":{"name":"(anonymous_0)","decl":{"start":{"line":1,"column":21},"end":{"line":1,"column":22}},"loc":{"start":{"line":1,"column":31},"end":{"line":1,"column":51}},"line":1}},"branchMap":{},"s":{"0":1,"1":2},"f":{"0":2},"b":{},"inputSourceMap":null,"_coverageSchema":"1a1c01bbd47fc00a2c39e90264f33305004495a9","hash":"f23077c7cf07149d31649a8349181056608dc40d"}
,"/mnt/c/Users/79645/Desktop/hexlet-git/qa-auto-engineer-javascript-project-87/src/formatters/plain.js": {"path":"/mnt/c/Users/79645/Desktop/hexlet-git/qa-auto-engineer-javascript-project-87/src/formatters/plain.js","statementMap":{"0":{"start":{"line":1,"column":17},"end":{"line":5,"column":1}},"1":{"start":{"line":2,"column":2},"end":{"line":2,"column":76}},"2":{"start":{"line":2,"column":51},"end":{"line":2,"column":76}},"3":{"start":{"line":3,"column":2},"end":{"line":3,"column":53}},"4":{"start":{"line":3,"column":33},"end":{"line":3,"column":53}},"5":{"start":{"line":4,"column":2},"end":{"line":4,"column":20}},"6":{"start":{"line":7,"column":23},"end":{"line":26,"column":1}},"7":{"start":{"line":8,"column":15},"end":{"line":24,"column":3}},"8":{"start":{"line":9,"column":23},"end":{"line":9,"column":74}},"9":{"start":{"line":9,"column":46},"end":{"line":9,"column":73}},"10":{"start":{"line":10,"column":20},"end":{"line":22,"column":6}},"11":{"start":{"line":11,"column":26},"end":{"line":11,"column":47}},"12":{"start":{"line":12,"column":6},"end":{"line":21,"column":7}},"13":{"start":{"line":14,"column":10},"end":{"line":14,"column":57}},"14":{"start":{"line":16,"column":10},"end":{"line":16,"column":92}},"15":{"start":{"line":18,"column":10},"end":{"line":18,"column":118}},"16":{"start":{"line":20,"column":10},"end":{"line":20,"column":57}},"17":{"start":{"line":23,"column":4},"end":{"line":23,"column":30}},"18":{"start":{"line":25,"column":2},"end":{"line":25,"column":20}}},"fnMap":{"0":{"name":"(anonymous_0)","decl":{"start":{"line":1,"column":17},"end":{"line":1,"column":18}},"loc":{"start":{"line":1,"column":28},"end":{"line":5,"column":1}},"line":1},"1":{"name":"(anonymous_1)","decl":{"start":{"line":7,"column":23},"end":{"line":7,"column":24}},"loc":{"start":{"line":7,"column":33},"end":{"line":26,"column":1}},"line":7},"2":{"name":"(anonymous_2)","decl":{"start":{"line":8,"column":15},"end":{"line":8,"column":16}},"loc":{"start":{"line":8,"column":37},"end":{"line":24,"column":3}},"line":8},"3":{"name":"(anonymous_3)","decl":{"start":{"line":9,"column":36},"end":{"line":9,"column":37}},"loc":{"start":{"line":9,"column":46},"end":{"line":9,"column":73}},"line":9},"4":{"name":"(anonymous_4)","decl":{"start":{"line":10,"column":35},"end":{"line":10,"column":36}},"loc":{"start":{"line":10,"column":46},"end":{"line":22,"column":5}},"line":10}},"branchMap":{"0":{"loc":{"start":{"line":2,"column":2},"end":{"line":2,"column":76}},"type":"if","locations":[{"start":{"line":2,"column":2},"end":{"line":2,"column":76}},{"start":{},"end":{}}],"line":2},"1":{"loc":{"start":{"line":2,"column":6},"end":{"line":2,"column":49}},"type":"binary-expr","locations":[{"start":{"line":2,"column":6},"end":{"line":2,"column":31}},{"start":{"line":2,"column":35},"end":{"line":2,"column":49}}],"line":2},"2":{"loc":{"start":{"line":3,"column":2},"end":{"line":3,"column":53}},"type":"if","locations":[{"start":{"line":3,"column":2},"end":{"line":3,"column":53}},{"start":{},"end":{}}],"line":3},"3":{"loc":{"start":{"line":8,"column":23},"end":{"line":8,"column":32}},"type":"default-arg","locations":[{"start":{"line":8,"column":30},"end":{"line":8,"column":32}}],"line":8},"4":{"loc":{"start":{"line":12,"column":6},"end":{"line":21,"column":7}},"type":"switch","locations":[{"start":{"line":13,"column":8},"end":{"line":14,"column":57}},{"start":{"line":15,"column":8},"end":{"line":16,"column":92}},{"start":{"line":17,"column":8},"end":{"line":18,"column":118}},{"start":{"line":19,"column":8},"end":{"line":20,"column":57}}],"line":12}},"s":{"0":1,"1":6,"2":0,"3":6,"4":0,"5":6,"6":1,"7":2,"8":2,"9":10,"10":2,"11":8,"12":8,"13":0,"14":2,"15":2,"16":4,"17":2,"18":2},"f":{"0":6,"1":2,"2":2,"3":10,"4":8},"b":{"0":[0,6],"1":[6,0],"2":[0,6],"3":[2],"4":[0,2,2,4]},"inputSourceMap":null,"_coverageSchema":"1a1c01bbd47fc00a2c39e90264f33305004495a9","hash":"3234c74cf6c1e2df5dc0f5465335efe696f8d333"}
,"/mnt/c/Users/79645/Desktop/hexlet-git/qa-auto-engineer-javascript-project-87/src/formatters/stylish.js": {"path":"/mnt/c/Users/79645/Desktop/hexlet-git/qa-auto-engineer-javascript-project-87/src/formatters/stylish.js","statementMap":{"0":{"start":{"line":1,"column":18},"end":{"line":1,"column":96}},"1":{"start":{"line":1,"column":41},"end":{"line":1,"column":96}},"2":{"start":{"line":3,"column":18},"end":{"line":9,"column":1}},"3":{"start":{"line":4,"column":2},"end":{"line":4,"column":69}},"4":{"start":{"line":4,"column":51},"end":{"line":4,"column":69}},"5":{"start":{"line":6,"column":18},"end":{"line":6,"column":39}},"6":{"start":{"line":7,"column":16},"end":{"line":7,"column":103}},"7":{"start":{"line":7,"column":44},"end":{"line":7,"column":102}},"8":{"start":{"line":8,"column":2},"end":{"line":8,"column":60}},"9":{"start":{"line":11,"column":25},"end":{"line":29,"column":1}},"10":{"start":{"line":12,"column":15},"end":{"line":26,"column":15}},"11":{"start":{"line":12,"column":36},"end":{"line":26,"column":15}},"12":{"start":{"line":14,"column":21},"end":{"line":14,"column":37}},"13":{"start":{"line":15,"column":6},"end":{"line":15,"column":87}},"14":{"start":{"line":15,"column":31},"end":{"line":15,"column":87}},"15":{"start":{"line":16,"column":6},"end":{"line":16,"column":91}},"16":{"start":{"line":16,"column":32},"end":{"line":16,"column":91}},"17":{"start":{"line":17,"column":6},"end":{"line":17,"column":89}},"18":{"start":{"line":17,"column":30},"end":{"line":17,"column":89}},"19":{"start":{"line":18,"column":6},"end":{"line":23,"column":7}},"20":{"start":{"line":19,"column":8},"end":{"line":22,"column":10}},"21":{"start":{"line":24,"column":6},"end":{"line":24,"column":65}},"22":{"start":{"line":28,"column":2},"end":{"line":28,"column":47}}},"fnMap":{"0":{"name":"(anonymous_0)","decl":{"start":{"line":1,"column":18},"end":{"line":1,"column":19}},"loc":{"start":{"line":1,"column":41},"end":{"line":1,"column":96}},"line":1},"1":{"name":"(anonymous_1)","decl":{"start":{"line":3,"column":18},"end":{"line":3,"column":19}},"loc":{"start":{"line":3,"column":40},"end":{"line":9,"column":1}},"line":3},"2":{"name":"(anonymous_2)","decl":{"start":{"line":7,"column":28},"end":{"line":7,"column":29}},"loc":{"start":{"line":7,"column":44},"end":{"line":7,"column":102}},"line":7},"3":{"name":"(anonymous_3)","decl":{"start":{"line":11,"column":25},"end":{"line":11,"column":26}},"loc":{"start":{"line":11,"column":39},"end":{"line":29,"column":1}},"line":11},"4":{"name":"(anonymous_4)","decl":{"start":{"line":12,"column":15},"end":{"line":12,"column":16}},"loc":{"start":{"line":12,"column":36},"end":{"line":26,"column":15}},"line":12},"5":{"name":"(anonymous_5)","decl":{"start":{"line":13,"column":13},"end":{"line":13,"column":14}},"loc":{"start":{"line":13,"column":67},"end":{"line":25,"column":5}},"line":13}},"branchMap":{"0":{"loc":{"start":{"line":1,"column":26},"end":{"line":1,"column":36}},"type":"default-arg","locations":[{"start":{"line":1,"column":35},"end":{"line":1,"column":36}}],"line":1},"1":{"loc":{"start":{"line":1,"column":70},"end":{"line":1,"column":94}},"type":"cond-expr","locations":[{"start":{"line":1,"column":84},"end":{"line":1,"column":85}},{"start":{"line":1,"column":88},"end":{"line":1,"column":94}}],"line":1},"2":{"loc":{"start":{"line":3,"column":26},"end":{"line":3,"column":35}},"type":"default-arg","locations":[{"start":{"line":3,"column":34},"end":{"line":3,"column":35}}],"line":3},"3":{"loc":{"start":{"line":4,"column":2},"end":{"line":4,"column":69}},"type":"if","locations":[{"start":{"line":4,"column":2},"end":{"line":4,"column":69}},{"start":{},"end":{}}],"line":4},"4":{"loc":{"start":{"line":4,"column":6},"end":{"line":4,"column":49}},"type":"binary-expr","locations":[{"start":{"line":4,"column":6},"end":{"line":4,"column":20}},{"start":{"line":4,"column":24},"end":{"line":4,"column":49}}],"line":4},"5":{"loc":{"start":{"line":12,"column":22},"end":{"line":12,"column":31}},"type":"default-arg","locations":[{"start":{"line":12,"column":30},"end":{"line":12,"column":31}}],"line":12},"6":{"loc":{"start":{"line":15,"column":6},"end":{"line":15,"column":87}},"type":"if","locations":[{"start":{"line":15,"column":6},"end":{"line":15,"column":87}},{"start":{},"end":{}}],"line":15},"7":{"loc":{"start":{"line":16,"column":6},"end":{"line":16,"column":91}},"type":"if","locations":[{"start":{"line":16,"column":6},"end":{"line":16,"column":91}},{"start":{},"end":{}}],"line":16},"8":{"loc":{"start":{"line":17,"column":6},"end":{"line":17,"column":89}},"type":"if","locations":[{"start":{"line":17,"column":6},"end":{"line":17,"column":89}},{"start":{},"end":{}}],"line":17},"9":{"loc":{"start":{"line":18,"column":6},"end":{"line":23,"column":7}},"type":"if","locations":[{"start":{"line":18,"column":6},"end":{"line":23,"column":7}},{"start":{},"end":{}}],"line":18}},"s":{"0":1,"1":20,"2":1,"3":24,"4":24,"5":0,"6":0,"7":0,"8":0,"9":1,"10":4,"11":4,"12":20,"13":20,"14":0,"15":20,"16":8,"17":12,"18":4,"19":8,"20":4,"21":4,"22":4},"f":{"0":20,"1":24,"2":0,"3":4,"4":4,"5":20},"b":{"0":[20],"1":[20,0],"2":[0],"3":[24,0],"4":[24,24],"5":[4],"6":[0,20],"7":[8,12],"8":[4,8],"9":[4,4]},"inputSourceMap":null,"_coverageSchema":"1a1c01bbd47fc00a2c39e90264f33305004495a9","hash":"3f284488e64278264a0940e43b7ea34602b0d065"}
}
