TN:
SF:src/gen_diff.js
FN:3,(anonymous_0)
FN:6,(anonymous_1)
FNF:2
FNH:2
FNDA:8,(anonymous_0)
FNDA:40,(anonymous_1)
DA:3,1
DA:4,8
DA:6,8
DA:7,40
DA:8,0
DA:10,40
DA:11,8
DA:13,32
DA:14,16
DA:16,16
DA:17,8
DA:19,8
LF:12
LH:11
BRDA:7,0,0,0
BRDA:7,0,1,40
BRDA:7,1,0,40
BRDA:7,1,1,24
BRDA:7,1,2,16
BRDA:7,1,3,0
BRDA:10,2,0,8
BRDA:10,2,1,32
BRDA:13,3,0,16
BRDA:13,3,1,16
BRDA:16,4,0,8
BRDA:16,4,1,8
BRF:12
BRH:10
end_of_record
TN:
SF:src/index.js
FN:8,(anonymous_0)
FN:10,(anonymous_1)
FN:12,(anonymous_2)
FNF:3
FNH:3
FNDA:16,(anonymous_0)
FNDA:16,(anonymous_1)
FNDA:8,(anonymous_2)
DA:8,16
DA:10,16
DA:13,8
DA:14,8
DA:16,8
DA:17,8
DA:19,8
LF:7
LH:7
BRDA:12,0,0,0
BRF:1
BRH:0
end_of_record
TN:
SF:src/parsers.js
FN:3,(anonymous_0)
FNF:1
FNH:1
FNDA:16,(anonymous_0)
DA:3,1
DA:4,16
DA:6,8
DA:8,0
DA:10,8
DA:12,0
LF:6
LH:4
BRDA:4,0,0,8
BRDA:4,0,1,0
BRDA:4,0,2,8
BRDA:4,0,3,0
BRF:4
BRH:2
end_of_record
TN:
SF:src/formatters/index.js
FN:5,(anonymous_0)
FNF:1
FNH:1
FNDA:8,(anonymous_0)
DA:5,1
DA:6,8
DA:8,4
DA:10,2
DA:12,2
DA:14,0
LF:6
LH:5
BRDA:6,0,0,4
BRDA:6,0,1,2
BRDA:6,0,2,2
BRDA:6,0,3,0
BRF:4
BRH:3
end_of_record
TN:
SF:src/formatters/json.js
FN:1,(anonymous_0)
FNF:1
FNH:1
FNDA:2,(anonymous_0)
DA:1,2
LF:1
LH:1
BRF:0
BRH:0
end_of_record
TN:
SF:src/formatters/plain.js
FN:1,(anonymous_0)
FN:7,(anonymous_1)
FN:8,(anonymous_2)
FN:9,(anonymous_3)
FN:10,(anonymous_4)
FNF:5
FNH:5
FNDA:6,(anonymous_0)
FNDA:2,(anonymous_1)
FNDA:2,(anonymous_2)
FNDA:10,(anonymous_3)
FNDA:8,(anonymous_4)
DA:1,1
DA:2,6
DA:3,6
DA:4,6
DA:7,1
DA:8,2
DA:9,10
DA:10,2
DA:11,8
DA:12,8
DA:14,0
DA:16,2
DA:18,2
DA:20,4
DA:23,2
DA:25,2
LF:16
LH:15
BRDA:2,0,0,0
BRDA:2,0,1,6
BRDA:2,1,0,6
BRDA:2,1,1,0
BRDA:3,2,0,0
BRDA:3,2,1,6
BRDA:8,3,0,2
BRDA:12,4,0,0
BRDA:12,4,1,2
BRDA:12,4,2,2
BRDA:12,4,3,4
BRF:11
BRH:7
end_of_record
TN:
SF:src/formatters/stylish.js
FN:1,(anonymous_0)
FN:3,(anonymous_1)
FN:7,(anonymous_2)
FN:11,(anonymous_3)
FN:12,(anonymous_4)
FN:13,(anonymous_5)
FNF:6
FNH:5
FNDA:20,(anonymous_0)
FNDA:24,(anonymous_1)
FNDA:0,(anonymous_2)
FNDA:4,(anonymous_3)
FNDA:4,(anonymous_4)
FNDA:20,(anonymous_5)
DA:1,20
DA:3,1
DA:4,24
DA:6,0
DA:7,0
DA:8,0
DA:11,1
DA:12,4
DA:14,20
DA:15,20
DA:16,20
DA:17,12
DA:18,8
DA:19,4
DA:24,4
DA:28,4
LF:16
LH:13
BRDA:1,0,0,20
BRDA:1,1,0,20
BRDA:1,1,1,0
BRDA:3,2,0,0
BRDA:4,3,0,24
BRDA:4,3,1,0
BRDA:4,4,0,24
BRDA:4,4,1,24
BRDA:12,5,0,4
BRDA:15,6,0,0
BRDA:15,6,1,20
BRDA:16,7,0,8
BRDA:16,7,1,12
BRDA:17,8,0,4
BRDA:17,8,1,8
BRDA:18,9,0,4
BRDA:18,9,1,4
BRF:17
BRH:13
end_of_record
